# JRE version: OpenJDK Runtime Environment 18.9 (11.0.13+8) (build 11.0.13+8)
# Java VM: OpenJDK 64-Bit Server VM 18.9 (11.0.13+8, mixed mode, sharing, tiered, compressed oops, g1 gc, linux-amd64)
Heap:
 garbage-first heap   total 264192K, used 130293K [0x00000000e0000000, 0x0000000100000000)
  region size 1024K, 2 young (2048K), 1 survivors (1024K)
 Metaspace       used 77597K, capacity 79952K, committed 81528K, reserved 325632K
  class space    used 9981K, capacity 10827K, committed 11212K, reserved 253952K
GC Heap History (20 events):
Event: 291.445 GC heap before
{Heap before GC invocations=19 (full 0):
 garbage-first heap   total 264192K, used 215075K [0x00000000e0000000, 0x0000000100000000)
  region size 1024K, 89 young (91136K), 12 survivors (12288K)
 Metaspace       used 77198K, capacity 79896K, committed 80120K, reserved 323584K
  class space    used 10083K, capacity 11045K, committed 11084K, reserved 253952K
}
Event: 291.454 GC heap after
{Heap after GC invocations=20 (full 0):
 garbage-first heap   total 264192K, used 140063K [0x00000000e0000000, 0x0000000100000000)
  region size 1024K, 9 young (9216K), 9 survivors (9216K)
 Metaspace       used 77198K, capacity 79896K, committed 80120K, reserved 323584K
  class space    used 10083K, capacity 11045K, committed 11084K, reserved 253952K
}
Event: 484.618 GC heap before
{Heap before GC invocations=20 (full 0):
 garbage-first heap   total 264192K, used 216863K [0x00000000e0000000, 0x0000000100000000)
  region size 1024K, 85 young (87040K), 9 survivors (9216K)
 Metaspace       used 78141K, capacity 81054K, committed 81272K, reserved 325632K
  class space    used 10178K, capacity 11183K, committed 11212K, reserved 253952K
}
Event: 484.627 GC heap after
{Heap after GC invocations=21 (full 0):
 garbage-first heap   total 264192K, used 139321K [0x00000000e0000000, 0x0000000100000000)
  region size 1024K, 6 young (6144K), 6 survivors (6144K)
 Metaspace       used 78141K, capacity 81054K, committed 81272K, reserved 325632K
  class space    used 10178K, capacity 11183K, committed 11212K, reserved 253952K
}
Event: 1049.158 GC heap before
{Heap before GC invocations=22 (full 0):
 garbage-first heap   total 264192K, used 218169K [0x00000000e0000000, 0x0000000100000000)
  region size 1024K, 83 young (84992K), 6 survivors (6144K)
 Metaspace       used 77804K, capacity 80312K, committed 81272K, reserved 325632K
  class space    used 10043K, capacity 10943K, committed 11212K, reserved 253952K
}
Event: 1049.200 GC heap after
{Heap after GC invocations=23 (full 0):
 garbage-first heap   total 264192K, used 140569K [0x00000000e0000000, 0x0000000100000000)
  region size 1024K, 7 young (7168K), 7 survivors (7168K)
 Metaspace       used 77804K, capacity 80312K, committed 81272K, reserved 325632K
  class space    used 10043K, capacity 10943K, committed 11212K, reserved 253952K
}
Event: 1249.159 GC heap before
{Heap before GC invocations=23 (full 0):
 garbage-first heap   total 264192K, used 145689K [0x00000000e0000000, 0x0000000100000000)
  region size 1024K, 12 young (12288K), 7 survivors (7168K)
 Metaspace       used 77824K, capacity 80312K, committed 81272K, reserved 325632K
  class space    used 10043K, capacity 10943K, committed 11212K, reserved 253952K
}
Event: 1249.173 GC heap after
{Heap after GC invocations=24 (full 0):
 garbage-first heap   total 264192K, used 133083K [0x00000000e0000000, 0x0000000100000000)
  region size 1024K, 1 young (1024K), 1 survivors (1024K)
 Metaspace       used 77824K, capacity 80312K, committed 81272K, reserved 325632K
  class space    used 10043K, capacity 10943K, committed 11212K, reserved 253952K
}
Event: 5113.159 GC heap before
{Heap before GC invocations=24 (full 0):
 garbage-first heap   total 264192K, used 217051K [0x00000000e0000000, 0x0000000100000000)
  region size 1024K, 83 young (84992K), 1 survivors (1024K)
 Metaspace       used 77932K, capacity 80505K, committed 81528K, reserved 325632K
  class space    used 10043K, capacity 10943K, committed 11212K, reserved 253952K
}
Event: 5113.168 GC heap after
{Heap after GC invocations=25 (full 0):
 garbage-first heap   total 264192K, used 132293K [0x00000000e0000000, 0x0000000100000000)
  region size 1024K, 1 young (1024K), 1 survivors (1024K)
 Metaspace       used 77932K, capacity 80505K, committed 81528K, reserved 325632K
  class space    used 10043K, capacity 10943K, committed 11212K, reserved 253952K
}
Event: 9076.158 GC heap before
{Heap before GC invocations=26 (full 0):
 garbage-first heap   total 264192K, used 217285K [0x00000000e0000000, 0x0000000100000000)
  region size 1024K, 85 young (87040K), 1 survivors (1024K)
 Metaspace       used 77586K, capacity 79947K, committed 81528K, reserved 325632K
  class space    used 9979K, capacity 10825K, committed 11212K, reserved 253952K
}
Event: 9076.162 GC heap after
{Heap after GC invocations=27 (full 0):
 garbage-first heap   total 264192K, used 132098K [0x00000000e0000000, 0x0000000100000000)
  region size 1024K, 1 young (1024K), 1 survivors (1024K)
 Metaspace       used 77586K, capacity 79947K, committed 81528K, reserved 325632K
  class space    used 9979K, capacity 10825K, committed 11212K, reserved 253952K
}
Event: 9588.158 GC heap before
{Heap before GC invocations=27 (full 0):
 garbage-first heap   total 264192K, used 142338K [0x00000000e0000000, 0x0000000100000000)
  region size 1024K, 12 young (12288K), 1 survivors (1024K)
 Metaspace       used 77586K, capacity 79947K, committed 81528K, reserved 325632K
  class space    used 9979K, capacity 10825K, committed 11212K, reserved 253952K
}
Event: 9588.165 GC heap after
{Heap after GC invocations=28 (full 0):
 garbage-first heap   total 264192K, used 130293K [0x00000000e0000000, 0x0000000100000000)
  region size 1024K, 1 young (1024K), 1 survivors (1024K)
 Metaspace       used 77586K, capacity 79947K, committed 81528K, reserved 325632K
  class space    used 9979K, capacity 10825K, committed 11212K, reserved 253952K
}
Event: 13718.193 GC heap before
{Heap before GC invocations=28 (full 0):
 garbage-first heap   total 264192K, used 220405K [0x00000000e0000000, 0x0000000100000000)
  region size 1024K, 89 young (91136K), 1 survivors (1024K)
 Metaspace       used 77586K, capacity 79947K, committed 81528K, reserved 325632K
  class space    used 9979K, capacity 10825K, committed 11212K, reserved 253952K
}
Event: 13718.210 GC heap after
{Heap after GC invocations=29 (full 0):
 garbage-first heap   total 264192K, used 130289K [0x00000000e0000000, 0x0000000100000000)
  region size 1024K, 1 young (1024K), 1 survivors (1024K)
 Metaspace       used 77586K, capacity 79947K, committed 81528K, reserved 325632K
  class space    used 9979K, capacity 10825K, committed 11212K, reserved 253952K
}
Event: 17951.357 GC heap before
{Heap before GC invocations=30 (full 0):
 garbage-first heap   total 264192K, used 222449K [0x00000000e0000000, 0x0000000100000000)
  region size 1024K, 91 young (93184K), 1 survivors (1024K)
 Metaspace       used 77597K, capacity 79952K, committed 81528K, reserved 325632K
  class space    used 9981K, capacity 10827K, committed 11212K, reserved 253952K
}
Event: 17951.398 GC heap after
{Heap after GC invocations=31 (full 0):
 garbage-first heap   total 264192K, used 130305K [0x00000000e0000000, 0x0000000100000000)
  region size 1024K, 1 young (1024K), 1 survivors (1024K)
 Metaspace       used 77597K, capacity 79952K, committed 81528K, reserved 325632K
  class space    used 9981K, capacity 10827K, committed 11212K, reserved 253952K
}
Event: 22301.355 GC heap before
{Heap before GC invocations=31 (full 0):
 garbage-first heap   total 264192K, used 223489K [0x00000000e0000000, 0x0000000100000000)
  region size 1024K, 93 young (95232K), 1 survivors (1024K)
 Metaspace       used 77597K, capacity 79952K, committed 81528K, reserved 325632K
  class space    used 9981K, capacity 10827K, committed 11212K, reserved 253952K
}
Event: 22301.377 GC heap after
{Heap after GC invocations=32 (full 0):
 garbage-first heap   total 264192K, used 130293K [0x00000000e0000000, 0x0000000100000000)
  region size 1024K, 1 young (1024K), 1 survivors (1024K)
 Metaspace       used 77597K, capacity 79952K, committed 81528K, reserved 325632K
  class space    used 9981K, capacity 10827K, committed 11212K, reserved 253952K
}

